0 verbose cli C:\Program Files\node.exe C:\Program Files\node_modules\npm\bin\npm-cli.js
1 info using npm@10.9.2
2 info using node@v22.17.0
3 silly config load:file:C:\Program Files\node_modules\npm\npmrc
4 silly config load:file:C:\Users\Usuário\Documents\EBAC\python\projeto 05\exercicio\listadecontato\.npmrc
5 silly config load:file:C:\Users\Usuário\.npmrc
6 silly config load:file:C:\Users\Usuário\AppData\Roaming\npm\etc\npmrc
7 verbose title npm exec prettier --write .
8 verbose argv "exec" "--" "prettier" "--write" "."
9 verbose logfile logs-max:10 dir:C:\Users\Usuário\Documents\EBAC\python\projeto 05\exercicio\listadecontato\UsersDESKTOP-U9J66QUAppDataLocalnpm-cache\_logs\2025-07-17T20_34_17_480Z-
10 verbose logfile C:\Users\Usuário\Documents\EBAC\python\projeto 05\exercicio\listadecontato\UsersDESKTOP-U9J66QUAppDataLocalnpm-cache\_logs\2025-07-17T20_34_17_480Z-debug-0.log
11 silly logfile done cleaning log files
12 silly packumentCache heap:4345298944 maxSize:1086324736 maxEntrySize:543162368
13 http fetch GET 200 https://registry.npmjs.org/prettier 478ms (cache miss)
14 silly packumentCache heap:4345298944 maxSize:1086324736 maxEntrySize:543162368
15 silly packumentCache heap:4345298944 maxSize:1086324736 maxEntrySize:543162368
16 silly idealTree buildDeps
17 silly fetch manifest prettier@3.6.2
18 silly packumentCache full:https://registry.npmjs.org/prettier cache-miss
19 http fetch GET 200 https://registry.npmjs.org/prettier 249ms (cache miss)
20 silly packumentCache full:https://registry.npmjs.org/prettier set size:undefined disposed:false
21 silly placeDep ROOT prettier@3.6.2 OK for:  want: 3.6.2
22 silly reify moves {}
23 silly audit bulk request { prettier: [ '3.6.2' ] }
24 http cache prettier@https://registry.npmjs.org/prettier/-/prettier-3.6.2.tgz 0ms (cache hit)
25 silly tarball no local data for prettier@https://registry.npmjs.org/prettier/-/prettier-3.6.2.tgz. Extracting by manifest.
26 http fetch POST 200 https://registry.npmjs.org/-/npm/v1/security/advisories/bulk 277ms
27 silly audit report {}
28 http fetch GET 200 https://registry.npmjs.org/prettier/-/prettier-3.6.2.tgz 1166ms (cache miss)
29 verbose cwd C:\Users\Usuário\Documents\EBAC\python\projeto 05\exercicio\listadecontato
30 verbose os Windows_NT 10.0.19045
31 verbose node v22.17.0
32 verbose npm  v10.9.2
33 verbose exit 0
34 info ok
